android/app/build/intermediates/manifest_merge_blame_file/debug/manifest-merger-blame-debug-report.txt
1<?xml version="1.0" encoding="utf-8"?>
2<manifest xmlns:android="http://schemas.android.com/apk/res/android"
3    package="com.worxstr.worxstr"
<<<<<<< HEAD
4    android:versionCode="19"
=======
4    android:versionCode="17"
>>>>>>> f12db052ced593bcd05810727c1855302dcc3074
5    android:versionName="0.3.2" >
6
7    <uses-sdk
8        android:minSdkVersion="21"
8-->src\main\AndroidManifest.xml
9        android:targetSdkVersion="30" />
9-->src\main\AndroidManifest.xml
10
11    <!-- Permissions -->
12
13    <uses-permission android:name="android.permission.INTERNET" />
13-->src\main\AndroidManifest.xml:41:5-67
13-->src\main\AndroidManifest.xml:41:22-64
14    <uses-permission android:name="android.permission.ACCESS_NETWORK_STATE" />
14-->[:capacitor-network] AndroidManifest.xml:9:5-79
14-->[:capacitor-network] AndroidManifest.xml:9:22-76
15    <uses-permission android:name="android.permission.USE_BIOMETRIC" />
15-->[androidx.biometric:biometric:1.0.1] AndroidManifest.xml:24:5-72
15-->[androidx.biometric:biometric:1.0.1] AndroidManifest.xml:24:22-69
16    <uses-permission android:name="android.permission.USE_FINGERPRINT" />
16-->[androidx.biometric:biometric:1.0.1] AndroidManifest.xml:25:5-74
16-->[androidx.biometric:biometric:1.0.1] AndroidManifest.xml:25:22-71
17    <uses-permission android:name="android.permission.WAKE_LOCK" /> <!-- Required by older versions of Google Play services to create IID tokens -->
17-->[com.google.firebase:firebase-iid:21.0.1] AndroidManifest.xml:24:5-68
17-->[com.google.firebase:firebase-iid:21.0.1] AndroidManifest.xml:24:22-65
18    <uses-permission android:name="com.google.android.c2dm.permission.RECEIVE" />
18-->[com.google.firebase:firebase-iid:21.0.1] AndroidManifest.xml:26:5-82
18-->[com.google.firebase:firebase-iid:21.0.1] AndroidManifest.xml:26:22-79
19    <uses-permission android:name="android.permission.CAMERA" /> <!-- Don't require camera, as this requires a rear camera. This allows it to work on the Nexus 7 -->
19-->[com.journeyapps:zxing-android-embedded:4.1.0] AndroidManifest.xml:22:5-65
19-->[com.journeyapps:zxing-android-embedded:4.1.0] AndroidManifest.xml:22:22-62
20    <uses-feature
20-->[com.journeyapps:zxing-android-embedded:4.1.0] AndroidManifest.xml:25:5-27:36
21        android:name="android.hardware.camera"
21-->[com.journeyapps:zxing-android-embedded:4.1.0] AndroidManifest.xml:26:9-47
22        android:required="false" />
22-->[com.journeyapps:zxing-android-embedded:4.1.0] AndroidManifest.xml:27:9-33
23    <uses-feature
23-->[com.journeyapps:zxing-android-embedded:4.1.0] AndroidManifest.xml:28:5-30:36
24        android:name="android.hardware.camera.front"
24-->[com.journeyapps:zxing-android-embedded:4.1.0] AndroidManifest.xml:29:9-53
25        android:required="false" /> <!-- TODO replace above two with next line after Android 4.2 -->
25-->[com.journeyapps:zxing-android-embedded:4.1.0] AndroidManifest.xml:30:9-33
26    <!-- <uses-feature android:name="android.hardware.camera.any"/> -->
27    <uses-feature
27-->[com.journeyapps:zxing-android-embedded:4.1.0] AndroidManifest.xml:33:5-35:36
28        android:name="android.hardware.camera.autofocus"
28-->[com.journeyapps:zxing-android-embedded:4.1.0] AndroidManifest.xml:34:9-57
29        android:required="false" />
29-->[com.journeyapps:zxing-android-embedded:4.1.0] AndroidManifest.xml:35:9-33
30    <uses-feature
30-->[com.journeyapps:zxing-android-embedded:4.1.0] AndroidManifest.xml:36:5-38:36
31        android:name="android.hardware.camera.flash"
31-->[com.journeyapps:zxing-android-embedded:4.1.0] AndroidManifest.xml:37:9-53
32        android:required="false" />
32-->[com.journeyapps:zxing-android-embedded:4.1.0] AndroidManifest.xml:38:9-33
33    <uses-feature
33-->[com.journeyapps:zxing-android-embedded:4.1.0] AndroidManifest.xml:39:5-41:36
34        android:name="android.hardware.screen.landscape"
34-->[com.journeyapps:zxing-android-embedded:4.1.0] AndroidManifest.xml:40:9-57
35        android:required="false" />
35-->[com.journeyapps:zxing-android-embedded:4.1.0] AndroidManifest.xml:41:9-33
36    <uses-feature
36-->[com.journeyapps:zxing-android-embedded:4.1.0] AndroidManifest.xml:42:5-44:36
37        android:name="android.hardware.wifi"
37-->[com.journeyapps:zxing-android-embedded:4.1.0] AndroidManifest.xml:43:9-45
38        android:required="false" />
38-->[com.journeyapps:zxing-android-embedded:4.1.0] AndroidManifest.xml:44:9-33
39
40    <application
40-->src\main\AndroidManifest.xml:5:5-37:19
41        android:allowBackup="true"
41-->src\main\AndroidManifest.xml:6:9-35
42        android:appComponentFactory="androidx.core.app.CoreComponentFactory"
42-->[androidx.core:core:1.3.2] AndroidManifest.xml:24:18-86
43        android:debuggable="true"
44        android:icon="@mipmap/ic_launcher"
44-->src\main\AndroidManifest.xml:7:9-43
45        android:label="@string/app_name"
45-->src\main\AndroidManifest.xml:8:9-41
46        android:roundIcon="@mipmap/ic_launcher_round"
46-->src\main\AndroidManifest.xml:9:9-54
47        android:supportsRtl="true"
47-->src\main\AndroidManifest.xml:10:9-35
48        android:testOnly="true"
49        android:theme="@style/AppTheme" >
49-->src\main\AndroidManifest.xml:11:9-40
<<<<<<< Updated upstream
<<<<<<< HEAD
=======
>>>>>>> Stashed changes
50        <activity
50-->src\main\AndroidManifest.xml:13:9-26:20
51            android:name="com.worxstr.worxstr.MainActivity"
51-->src\main\AndroidManifest.xml:15:13-60
52            android:configChanges="orientation|keyboardHidden|keyboard|screenSize|locale|smallestScreenSize|screenLayout|uiMode"
52-->src\main\AndroidManifest.xml:14:13-129
53            android:label="@string/title_activity_main"
53-->src\main\AndroidManifest.xml:16:13-56
54            android:launchMode="singleTask"
54-->src\main\AndroidManifest.xml:18:13-44
55            android:screenOrientation="userPortrait"
55-->src\main\AndroidManifest.xml:19:13-53
56            android:theme="@style/AppTheme.NoActionBarLaunch" >
56-->src\main\AndroidManifest.xml:17:13-62
57            <intent-filter>
57-->src\main\AndroidManifest.xml:21:13-24:29
58                <action android:name="android.intent.action.MAIN" />
58-->src\main\AndroidManifest.xml:22:17-69
58-->src\main\AndroidManifest.xml:22:25-66
59
60                <category android:name="android.intent.category.LAUNCHER" />
60-->src\main\AndroidManifest.xml:23:17-77
60-->src\main\AndroidManifest.xml:23:27-74
61            </intent-filter>
62        </activity>
63
64        <provider
65            android:name="androidx.core.content.FileProvider"
65-->src\main\AndroidManifest.xml:29:13-62
66            android:authorities="com.worxstr.worxstr.fileprovider"
66-->src\main\AndroidManifest.xml:30:13-64
67            android:exported="false"
67-->src\main\AndroidManifest.xml:31:13-37
68            android:grantUriPermissions="true" >
68-->src\main\AndroidManifest.xml:32:13-47
69            <meta-data
69-->src\main\AndroidManifest.xml:33:13-35:64
70                android:name="android.support.FILE_PROVIDER_PATHS"
70-->src\main\AndroidManifest.xml:34:17-67
71                android:resource="@xml/file_paths" />
71-->src\main\AndroidManifest.xml:35:17-51
72        </provider>
73
74        <service
74-->[:capacitor-push-notifications] AndroidManifest.xml:10:9-16:19
75            android:name="com.capacitorjs.plugins.pushnotifications.MessagingService"
75-->[:capacitor-push-notifications] AndroidManifest.xml:11:13-86
76            android:exported="false" >
76-->[:capacitor-push-notifications] AndroidManifest.xml:12:13-37
77            <intent-filter>
77-->[:capacitor-push-notifications] AndroidManifest.xml:13:13-15:29
78                <action android:name="com.google.firebase.MESSAGING_EVENT" />
78-->[:capacitor-push-notifications] AndroidManifest.xml:14:17-78
78-->[:capacitor-push-notifications] AndroidManifest.xml:14:25-75
79            </intent-filter>
80        </service>
81
82        <activity
82-->[:capacitor-native-biometric] AndroidManifest.xml:10:9-13:59
83            android:name="com.epicshaggy.biometric.AuthAcitivy"
83-->[:capacitor-native-biometric] AndroidManifest.xml:11:13-64
84            android:label="@string/title_activity_auth_acitivy"
84-->[:capacitor-native-biometric] AndroidManifest.xml:12:13-64
85            android:theme="@style/AppTheme.Transparent" />
85-->[:capacitor-native-biometric] AndroidManifest.xml:13:13-56
86        <activity
86-->[androidx.biometric:biometric:1.0.1] AndroidManifest.xml:28:9-31:67
87            android:name="androidx.biometric.DeviceCredentialHandlerActivity"
87-->[androidx.biometric:biometric:1.0.1] AndroidManifest.xml:29:13-78
88            android:exported="true"
88-->[androidx.biometric:biometric:1.0.1] AndroidManifest.xml:30:13-36
89            android:theme="@style/DeviceCredentialHandlerTheme" />
89-->[androidx.biometric:biometric:1.0.1] AndroidManifest.xml:31:13-64
90        <!--
91             FirebaseMessagingService performs security checks at runtime,
92             but set to not exported to explicitly avoid allowing another app to call it.
93        -->
94        <service
94-->[com.google.firebase:firebase-messaging:21.0.1] AndroidManifest.xml:28:9-35:19
95            android:name="com.google.firebase.messaging.FirebaseMessagingService"
95-->[com.google.firebase:firebase-messaging:21.0.1] AndroidManifest.xml:29:13-82
96            android:directBootAware="true"
96-->[com.google.firebase:firebase-messaging:21.0.1] AndroidManifest.xml:30:13-43
97            android:exported="false" >
97-->[com.google.firebase:firebase-messaging:21.0.1] AndroidManifest.xml:31:13-37
98            <intent-filter android:priority="-500" >
98-->[:capacitor-push-notifications] AndroidManifest.xml:13:13-15:29
99                <action android:name="com.google.firebase.MESSAGING_EVENT" />
99-->[:capacitor-push-notifications] AndroidManifest.xml:14:17-78
99-->[:capacitor-push-notifications] AndroidManifest.xml:14:25-75
100            </intent-filter>
101        </service>
102        <service
102-->[com.google.firebase:firebase-messaging:21.0.1] AndroidManifest.xml:36:9-42:19
103            android:name="com.google.firebase.components.ComponentDiscoveryService"
103-->[com.google.firebase:firebase-messaging:21.0.1] AndroidManifest.xml:37:13-84
104            android:directBootAware="true"
104-->[com.google.firebase:firebase-common:19.5.0] AndroidManifest.xml:35:13-43
105            android:exported="false" >
105-->[com.google.firebase:firebase-messaging:21.0.1] AndroidManifest.xml:38:13-37
106            <meta-data
106-->[com.google.firebase:firebase-messaging:21.0.1] AndroidManifest.xml:39:13-41:85
107                android:name="com.google.firebase.components:com.google.firebase.messaging.FirebaseMessagingRegistrar"
107-->[com.google.firebase:firebase-messaging:21.0.1] AndroidManifest.xml:40:17-119
108                android:value="com.google.firebase.components.ComponentRegistrar" />
108-->[com.google.firebase:firebase-messaging:21.0.1] AndroidManifest.xml:41:17-82
109            <meta-data
109-->[com.google.firebase:firebase-iid:21.0.1] AndroidManifest.xml:32:13-34:85
110                android:name="com.google.firebase.components:com.google.firebase.iid.Registrar"
110-->[com.google.firebase:firebase-iid:21.0.1] AndroidManifest.xml:33:17-96
111                android:value="com.google.firebase.components.ComponentRegistrar" />
111-->[com.google.firebase:firebase-iid:21.0.1] AndroidManifest.xml:34:17-82
112            <meta-data
112-->[com.google.firebase:firebase-datatransport:17.0.10] AndroidManifest.xml:28:13-30:85
113                android:name="com.google.firebase.components:com.google.firebase.datatransport.TransportRegistrar"
113-->[com.google.firebase:firebase-datatransport:17.0.10] AndroidManifest.xml:29:17-115
114                android:value="com.google.firebase.components.ComponentRegistrar" />
114-->[com.google.firebase:firebase-datatransport:17.0.10] AndroidManifest.xml:30:17-82
115            <meta-data
115-->[com.google.firebase:firebase-installations:16.3.5] AndroidManifest.xml:18:13-20:85
116                android:name="com.google.firebase.components:com.google.firebase.installations.FirebaseInstallationsRegistrar"
116-->[com.google.firebase:firebase-installations:16.3.5] AndroidManifest.xml:19:17-127
117                android:value="com.google.firebase.components.ComponentRegistrar" />
117-->[com.google.firebase:firebase-installations:16.3.5] AndroidManifest.xml:20:17-82
118            <!--
119                This registrar is not defined in the dynamic-module-support sdk itself to allow non-firebase
120                clients to use it as well, by defining this registrar in their own core/common library.
121            -->
122            <meta-data
122-->[com.google.firebase:firebase-common:19.5.0] AndroidManifest.xml:43:13-45:85
123                android:name="com.google.firebase.components:com.google.firebase.dynamicloading.DynamicLoadingRegistrar"
123-->[com.google.firebase:firebase-common:19.5.0] AndroidManifest.xml:44:17-121
124                android:value="com.google.firebase.components.ComponentRegistrar" />
124-->[com.google.firebase:firebase-common:19.5.0] AndroidManifest.xml:45:17-82
125        </service>
126
127        <receiver
127-->[com.google.firebase:firebase-iid:21.0.1] AndroidManifest.xml:37:9-44:20
128            android:name="com.google.firebase.iid.FirebaseInstanceIdReceiver"
128-->[com.google.firebase:firebase-iid:21.0.1] AndroidManifest.xml:38:13-78
129            android:exported="true"
129-->[com.google.firebase:firebase-iid:21.0.1] AndroidManifest.xml:39:13-36
130            android:permission="com.google.android.c2dm.permission.SEND" >
130-->[com.google.firebase:firebase-iid:21.0.1] AndroidManifest.xml:40:13-73
131            <intent-filter>
131-->[com.google.firebase:firebase-iid:21.0.1] AndroidManifest.xml:41:13-43:29
132                <action android:name="com.google.android.c2dm.intent.RECEIVE" />
132-->[com.google.firebase:firebase-iid:21.0.1] AndroidManifest.xml:42:17-81
132-->[com.google.firebase:firebase-iid:21.0.1] AndroidManifest.xml:42:25-78
133            </intent-filter>
134        </receiver>
135
136        <provider
136-->[com.google.firebase:firebase-common:19.5.0] AndroidManifest.xml:26:9-31:39
137            android:name="com.google.firebase.provider.FirebaseInitProvider"
137-->[com.google.firebase:firebase-common:19.5.0] AndroidManifest.xml:27:13-77
138            android:authorities="com.worxstr.worxstr.firebaseinitprovider"
138-->[com.google.firebase:firebase-common:19.5.0] AndroidManifest.xml:28:13-72
139            android:directBootAware="true"
139-->[com.google.firebase:firebase-common:19.5.0] AndroidManifest.xml:29:13-43
140            android:exported="false"
140-->[com.google.firebase:firebase-common:19.5.0] AndroidManifest.xml:30:13-37
141            android:initOrder="100" />
141-->[com.google.firebase:firebase-common:19.5.0] AndroidManifest.xml:31:13-36
142
143        <activity
143-->[com.google.android.gms:play-services-base:17.3.0] AndroidManifest.xml:23:9-26:75
144            android:name="com.google.android.gms.common.api.GoogleApiActivity"
144-->[com.google.android.gms:play-services-base:17.3.0] AndroidManifest.xml:24:13-79
145            android:exported="false"
145-->[com.google.android.gms:play-services-base:17.3.0] AndroidManifest.xml:25:13-37
146            android:theme="@android:style/Theme.Translucent.NoTitleBar" />
146-->[com.google.android.gms:play-services-base:17.3.0] AndroidManifest.xml:26:13-72
147
148        <meta-data
148-->[com.google.android.gms:play-services-basement:17.3.0] AndroidManifest.xml:23:9-25:69
149            android:name="com.google.android.gms.version"
149-->[com.google.android.gms:play-services-basement:17.3.0] AndroidManifest.xml:24:13-58
150            android:value="@integer/google_play_services_version" />
150-->[com.google.android.gms:play-services-basement:17.3.0] AndroidManifest.xml:25:13-66
151
152        <service
152-->[com.google.android.datatransport:transport-backend-cct:2.3.3] AndroidManifest.xml:29:9-35:19
153            android:name="com.google.android.datatransport.runtime.backends.TransportBackendDiscovery"
153-->[com.google.android.datatransport:transport-backend-cct:2.3.3] AndroidManifest.xml:30:13-103
154            android:exported="false" >
154-->[com.google.android.datatransport:transport-backend-cct:2.3.3] AndroidManifest.xml:31:13-37
155            <meta-data
155-->[com.google.android.datatransport:transport-backend-cct:2.3.3] AndroidManifest.xml:32:13-34:39
156                android:name="backend:com.google.android.datatransport.cct.CctBackendFactory"
156-->[com.google.android.datatransport:transport-backend-cct:2.3.3] AndroidManifest.xml:33:17-94
157                android:value="cct" />
157-->[com.google.android.datatransport:transport-backend-cct:2.3.3] AndroidManifest.xml:34:17-36
158        </service>
159        <service
159-->[com.google.android.datatransport:transport-runtime:2.2.5] AndroidManifest.xml:26:9-30:19
160            android:name="com.google.android.datatransport.runtime.scheduling.jobscheduling.JobInfoSchedulerService"
160-->[com.google.android.datatransport:transport-runtime:2.2.5] AndroidManifest.xml:27:13-117
161            android:exported="false"
161-->[com.google.android.datatransport:transport-runtime:2.2.5] AndroidManifest.xml:28:13-37
162            android:permission="android.permission.BIND_JOB_SERVICE" >
162-->[com.google.android.datatransport:transport-runtime:2.2.5] AndroidManifest.xml:29:13-69
163        </service>
164
165        <receiver
165-->[com.google.android.datatransport:transport-runtime:2.2.5] AndroidManifest.xml:32:9-34:40
166            android:name="com.google.android.datatransport.runtime.scheduling.jobscheduling.AlarmManagerSchedulerBroadcastReceiver"
166-->[com.google.android.datatransport:transport-runtime:2.2.5] AndroidManifest.xml:33:13-132
167            android:exported="false" />
167-->[com.google.android.datatransport:transport-runtime:2.2.5] AndroidManifest.xml:34:13-37
168
169        <activity
169-->[com.journeyapps:zxing-android-embedded:4.1.0] AndroidManifest.xml:47:9-53:63
170            android:name="com.journeyapps.barcodescanner.CaptureActivity"
170-->[com.journeyapps:zxing-android-embedded:4.1.0] AndroidManifest.xml:48:13-74
171            android:clearTaskOnLaunch="true"
171-->[com.journeyapps:zxing-android-embedded:4.1.0] AndroidManifest.xml:49:13-45
172            android:screenOrientation="sensorLandscape"
172-->[com.journeyapps:zxing-android-embedded:4.1.0] AndroidManifest.xml:50:13-56
173            android:stateNotNeeded="true"
173-->[com.journeyapps:zxing-android-embedded:4.1.0] AndroidManifest.xml:51:13-42
174            android:theme="@style/zxing_CaptureTheme"
174-->[com.journeyapps:zxing-android-embedded:4.1.0] AndroidManifest.xml:52:13-54
175            android:windowSoftInputMode="stateAlwaysHidden" />
175-->[com.journeyapps:zxing-android-embedded:4.1.0] AndroidManifest.xml:53:13-60
176    </application>
177
178</manifest>
<<<<<<< Updated upstream
=======
50        android:usesCleartextTraffic="true" >
50-->[:capacitor-cordova-android-plugins] AndroidManifest.xml:10:18-53
51        <activity
51-->src\main\AndroidManifest.xml:13:9-26:20
52            android:name="com.worxstr.worxstr.MainActivity"
52-->src\main\AndroidManifest.xml:15:13-60
53            android:configChanges="orientation|keyboardHidden|keyboard|screenSize|locale|smallestScreenSize|screenLayout|uiMode"
53-->src\main\AndroidManifest.xml:14:13-129
54            android:label="@string/title_activity_main"
54-->src\main\AndroidManifest.xml:16:13-56
55            android:launchMode="singleTask"
55-->src\main\AndroidManifest.xml:18:13-44
56            android:screenOrientation="userPortrait"
56-->src\main\AndroidManifest.xml:19:13-53
57            android:theme="@style/AppTheme.NoActionBarLaunch" >
57-->src\main\AndroidManifest.xml:17:13-62
58            <intent-filter>
58-->src\main\AndroidManifest.xml:21:13-24:29
59                <action android:name="android.intent.action.MAIN" />
59-->src\main\AndroidManifest.xml:22:17-69
59-->src\main\AndroidManifest.xml:22:25-66
60
61                <category android:name="android.intent.category.LAUNCHER" />
61-->src\main\AndroidManifest.xml:23:17-77
61-->src\main\AndroidManifest.xml:23:27-74
62            </intent-filter>
63        </activity>
64
65        <provider
66            android:name="androidx.core.content.FileProvider"
66-->src\main\AndroidManifest.xml:29:13-62
67            android:authorities="com.worxstr.worxstr.fileprovider"
67-->src\main\AndroidManifest.xml:30:13-64
68            android:exported="false"
68-->src\main\AndroidManifest.xml:31:13-37
69            android:grantUriPermissions="true" >
69-->src\main\AndroidManifest.xml:32:13-47
70            <meta-data
70-->src\main\AndroidManifest.xml:33:13-35:64
71                android:name="android.support.FILE_PROVIDER_PATHS"
71-->src\main\AndroidManifest.xml:34:17-67
72                android:resource="@xml/file_paths" />
72-->src\main\AndroidManifest.xml:35:17-51
73        </provider>
74
75        <service
75-->[:capacitor-push-notifications] AndroidManifest.xml:10:9-16:19
76            android:name="com.capacitorjs.plugins.pushnotifications.MessagingService"
76-->[:capacitor-push-notifications] AndroidManifest.xml:11:13-86
77            android:exported="false" >
77-->[:capacitor-push-notifications] AndroidManifest.xml:12:13-37
78            <intent-filter>
78-->[:capacitor-push-notifications] AndroidManifest.xml:13:13-15:29
79                <action android:name="com.google.firebase.MESSAGING_EVENT" />
79-->[:capacitor-push-notifications] AndroidManifest.xml:14:17-78
79-->[:capacitor-push-notifications] AndroidManifest.xml:14:25-75
80            </intent-filter>
81        </service>
82
83        <activity
83-->[:capacitor-native-biometric] AndroidManifest.xml:10:9-13:59
84            android:name="com.epicshaggy.biometric.AuthAcitivy"
84-->[:capacitor-native-biometric] AndroidManifest.xml:11:13-64
85            android:label="@string/title_activity_auth_acitivy"
85-->[:capacitor-native-biometric] AndroidManifest.xml:12:13-64
86            android:theme="@style/AppTheme.Transparent" />
86-->[:capacitor-native-biometric] AndroidManifest.xml:13:13-56
87        <activity
87-->[androidx.biometric:biometric:1.0.1] AndroidManifest.xml:28:9-31:67
88            android:name="androidx.biometric.DeviceCredentialHandlerActivity"
88-->[androidx.biometric:biometric:1.0.1] AndroidManifest.xml:29:13-78
89            android:exported="true"
89-->[androidx.biometric:biometric:1.0.1] AndroidManifest.xml:30:13-36
90            android:theme="@style/DeviceCredentialHandlerTheme" />
90-->[androidx.biometric:biometric:1.0.1] AndroidManifest.xml:31:13-64
91        <!--
92             FirebaseMessagingService performs security checks at runtime,
93             but set to not exported to explicitly avoid allowing another app to call it.
94        -->
95        <service
95-->[com.google.firebase:firebase-messaging:21.0.1] AndroidManifest.xml:28:9-35:19
96            android:name="com.google.firebase.messaging.FirebaseMessagingService"
96-->[com.google.firebase:firebase-messaging:21.0.1] AndroidManifest.xml:29:13-82
97            android:directBootAware="true"
97-->[com.google.firebase:firebase-messaging:21.0.1] AndroidManifest.xml:30:13-43
98            android:exported="false" >
98-->[com.google.firebase:firebase-messaging:21.0.1] AndroidManifest.xml:31:13-37
99            <intent-filter android:priority="-500" >
99-->[:capacitor-push-notifications] AndroidManifest.xml:13:13-15:29
100                <action android:name="com.google.firebase.MESSAGING_EVENT" />
100-->[:capacitor-push-notifications] AndroidManifest.xml:14:17-78
100-->[:capacitor-push-notifications] AndroidManifest.xml:14:25-75
101            </intent-filter>
102        </service>
103        <service
103-->[com.google.firebase:firebase-messaging:21.0.1] AndroidManifest.xml:36:9-42:19
104            android:name="com.google.firebase.components.ComponentDiscoveryService"
104-->[com.google.firebase:firebase-messaging:21.0.1] AndroidManifest.xml:37:13-84
105            android:directBootAware="true"
105-->[com.google.firebase:firebase-common:19.5.0] AndroidManifest.xml:35:13-43
106            android:exported="false" >
106-->[com.google.firebase:firebase-messaging:21.0.1] AndroidManifest.xml:38:13-37
107            <meta-data
107-->[com.google.firebase:firebase-messaging:21.0.1] AndroidManifest.xml:39:13-41:85
108                android:name="com.google.firebase.components:com.google.firebase.messaging.FirebaseMessagingRegistrar"
108-->[com.google.firebase:firebase-messaging:21.0.1] AndroidManifest.xml:40:17-119
109                android:value="com.google.firebase.components.ComponentRegistrar" />
109-->[com.google.firebase:firebase-messaging:21.0.1] AndroidManifest.xml:41:17-82
110            <meta-data
110-->[com.google.firebase:firebase-iid:21.0.1] AndroidManifest.xml:32:13-34:85
111                android:name="com.google.firebase.components:com.google.firebase.iid.Registrar"
111-->[com.google.firebase:firebase-iid:21.0.1] AndroidManifest.xml:33:17-96
112                android:value="com.google.firebase.components.ComponentRegistrar" />
112-->[com.google.firebase:firebase-iid:21.0.1] AndroidManifest.xml:34:17-82
113            <meta-data
113-->[com.google.firebase:firebase-datatransport:17.0.10] AndroidManifest.xml:28:13-30:85
114                android:name="com.google.firebase.components:com.google.firebase.datatransport.TransportRegistrar"
114-->[com.google.firebase:firebase-datatransport:17.0.10] AndroidManifest.xml:29:17-115
115                android:value="com.google.firebase.components.ComponentRegistrar" />
115-->[com.google.firebase:firebase-datatransport:17.0.10] AndroidManifest.xml:30:17-82
116            <meta-data
116-->[com.google.firebase:firebase-installations:16.3.5] AndroidManifest.xml:18:13-20:85
117                android:name="com.google.firebase.components:com.google.firebase.installations.FirebaseInstallationsRegistrar"
117-->[com.google.firebase:firebase-installations:16.3.5] AndroidManifest.xml:19:17-127
118                android:value="com.google.firebase.components.ComponentRegistrar" />
118-->[com.google.firebase:firebase-installations:16.3.5] AndroidManifest.xml:20:17-82
119            <!--
120                This registrar is not defined in the dynamic-module-support sdk itself to allow non-firebase
121                clients to use it as well, by defining this registrar in their own core/common library.
122            -->
123            <meta-data
123-->[com.google.firebase:firebase-common:19.5.0] AndroidManifest.xml:43:13-45:85
124                android:name="com.google.firebase.components:com.google.firebase.dynamicloading.DynamicLoadingRegistrar"
124-->[com.google.firebase:firebase-common:19.5.0] AndroidManifest.xml:44:17-121
125                android:value="com.google.firebase.components.ComponentRegistrar" />
125-->[com.google.firebase:firebase-common:19.5.0] AndroidManifest.xml:45:17-82
126        </service>
127
128        <receiver
128-->[com.google.firebase:firebase-iid:21.0.1] AndroidManifest.xml:37:9-44:20
129            android:name="com.google.firebase.iid.FirebaseInstanceIdReceiver"
129-->[com.google.firebase:firebase-iid:21.0.1] AndroidManifest.xml:38:13-78
130            android:exported="true"
130-->[com.google.firebase:firebase-iid:21.0.1] AndroidManifest.xml:39:13-36
131            android:permission="com.google.android.c2dm.permission.SEND" >
131-->[com.google.firebase:firebase-iid:21.0.1] AndroidManifest.xml:40:13-73
132            <intent-filter>
132-->[com.google.firebase:firebase-iid:21.0.1] AndroidManifest.xml:41:13-43:29
133                <action android:name="com.google.android.c2dm.intent.RECEIVE" />
133-->[com.google.firebase:firebase-iid:21.0.1] AndroidManifest.xml:42:17-81
133-->[com.google.firebase:firebase-iid:21.0.1] AndroidManifest.xml:42:25-78
134            </intent-filter>
135        </receiver>
136
137        <provider
137-->[com.google.firebase:firebase-common:19.5.0] AndroidManifest.xml:26:9-31:39
138            android:name="com.google.firebase.provider.FirebaseInitProvider"
138-->[com.google.firebase:firebase-common:19.5.0] AndroidManifest.xml:27:13-77
139            android:authorities="com.worxstr.worxstr.firebaseinitprovider"
139-->[com.google.firebase:firebase-common:19.5.0] AndroidManifest.xml:28:13-72
140            android:directBootAware="true"
140-->[com.google.firebase:firebase-common:19.5.0] AndroidManifest.xml:29:13-43
141            android:exported="false"
141-->[com.google.firebase:firebase-common:19.5.0] AndroidManifest.xml:30:13-37
142            android:initOrder="100" />
142-->[com.google.firebase:firebase-common:19.5.0] AndroidManifest.xml:31:13-36
143
144        <activity
144-->[com.google.android.gms:play-services-base:17.3.0] AndroidManifest.xml:23:9-26:75
145            android:name="com.google.android.gms.common.api.GoogleApiActivity"
145-->[com.google.android.gms:play-services-base:17.3.0] AndroidManifest.xml:24:13-79
146            android:exported="false"
146-->[com.google.android.gms:play-services-base:17.3.0] AndroidManifest.xml:25:13-37
147            android:theme="@android:style/Theme.Translucent.NoTitleBar" />
147-->[com.google.android.gms:play-services-base:17.3.0] AndroidManifest.xml:26:13-72
148
149        <meta-data
149-->[com.google.android.gms:play-services-basement:17.3.0] AndroidManifest.xml:23:9-25:69
150            android:name="com.google.android.gms.version"
150-->[com.google.android.gms:play-services-basement:17.3.0] AndroidManifest.xml:24:13-58
151            android:value="@integer/google_play_services_version" />
151-->[com.google.android.gms:play-services-basement:17.3.0] AndroidManifest.xml:25:13-66
152
153        <service
153-->[com.google.android.datatransport:transport-backend-cct:2.3.3] AndroidManifest.xml:29:9-35:19